<?xml version="1.0" encoding="UTF-8"?>
<testng-results ignored="0" total="1" passed="1" failed="0" skipped="0">
  <reporter-output>
  </reporter-output>
  <suite started-at="2022-09-30T17:41:33 IST" name="Default suite" finished-at="2022-09-30T17:41:33 IST" duration-ms="58">
    <groups>
    </groups>
    <test started-at="2022-09-30T17:41:33 IST" name="Default test" finished-at="2022-09-30T17:41:33 IST" duration-ms="58">
      <class name="RunJenkin.CreateJenkinTest">
        <test-method signature="add()[pri:0, instance:RunJenkin.CreateJenkinTest@3e2e18f2]" started-at="2022-09-30T17:41:33 IST" name="add" finished-at="2022-09-30T17:41:33 IST" duration-ms="16" status="PASS">
          <reporter-output>
          </reporter-output>
        </test-method> <!-- add -->
      </class> <!-- RunJenkin.CreateJenkinTest -->
    </test> <!-- Default test -->
  </suite> <!-- Default suite -->
</testng-results>
